<?xml version="1.0" encoding="UTF-8"?>
<testsuite name="com.btfc.test.TicTacToeTest" tests="2" skipped="0" failures="0" errors="0" timestamp="2015-11-02T21:08:45" hostname="i-7f3b5dd9.csd07cloud.internal" time="0.006">
  <properties/>
  <testcase name="testInitializeField" classname="com.btfc.test.TicTacToeTest" time="0.004"/>
  <testcase name="testIsGameWon" classname="com.btfc.test.TicTacToeTest" time="0.001"/>
  <system-out><![CDATA[]]></system-out>
  <system-err><![CDATA[]]></system-err>
</testsuite>
