<?xml version="1.0" encoding="UTF-8"?>
<testsuite name="com.btfc.test.TicTacToeTest" tests="1" skipped="0" failures="0" errors="0" timestamp="2015-10-23T18:50:48" hostname="i-7f3b5dd9.csd07cloud.internal" time="0.002">
  <properties/>
  <testcase name="testInitializeField" classname="com.btfc.test.TicTacToeTest" time="0.002"/>
  <system-out><![CDATA[]]></system-out>
  <system-err><![CDATA[]]></system-err>
</testsuite>
