<?xml version="1.0" encoding="UTF-8"?>
<<<<<<< HEAD
<testsuite name="com.btfc.test.TicTacToeTest" tests="2" skipped="0" failures="0" errors="0" timestamp="2015-10-31T22:52:57" hostname="i-7f3b5dd9.csd07cloud.internal" time="0.003">
  <properties/>
  <testcase name="testInitializeField" classname="com.btfc.test.TicTacToeTest" time="0.003"/>
=======
<testsuite name="com.btfc.test.TicTacToeTest" tests="2" skipped="0" failures="0" errors="0" timestamp="2015-11-01T17:56:43" hostname="i-7f3b5dd9.csd07cloud.internal" time="0.003">
  <properties/>
  <testcase name="testInitializeField" classname="com.btfc.test.TicTacToeTest" time="0.002"/>
>>>>>>> OMARIO
  <testcase name="testIsGameWon" classname="com.btfc.test.TicTacToeTest" time="0.0"/>
  <system-out><![CDATA[]]></system-out>
  <system-err><![CDATA[]]></system-err>
</testsuite>
